<?xml version="1.0" encoding="UTF-8"?>
<testsuite name="cs305_2022.AppTest" tests="1" skipped="0" failures="0" errors="0" timestamp="2022-02-10T11:02:45" hostname="den" time="0.021">
  <properties/>
  <testcase name="appHasAGreeting()" classname="cs305_2022.AppTest" time="0.021"/>
  <system-out><![CDATA[]]></system-out>
  <system-err><![CDATA[]]></system-err>
</testsuite>
