<?xml version="1.0" encoding="UTF-8"?>
<testsuite name="date.MysqlDateTest" tests="1" skipped="0" failures="0" errors="0" timestamp="2022-02-11T16:02:20" hostname="den" time="0.027">
  <properties/>
  <testcase name="shouldToMysqlDate()" classname="date.MysqlDateTest" time="0.027"/>
  <system-out><![CDATA[Fri Feb 11 01:11:12 IST 2022
]]></system-out>
  <system-err><![CDATA[]]></system-err>
</testsuite>
