<?xml version="1.0" encoding="UTF-8"?>
<testsuite name="xml.ReaderTest" tests="2" skipped="0" failures="0" errors="0" timestamp="2022-02-11T11:19:39" hostname="den" time="0.007">
  <properties/>
  <testcase name="shouldReader()" classname="xml.ReaderTest" time="0.002"/>
  <testcase name="shouldFetchQuerySyntax()" classname="xml.ReaderTest" time="0.004"/>
  <system-out><![CDATA[]]></system-out>
  <system-err><![CDATA[]]></system-err>
</testsuite>
